<?xml version="1.0" encoding="UTF-8"?>
<!-- Generated by org.testng.reporters.JUnitReportReporter -->
<testsuite hostname="DESKTOP-MUR56TF" failures="0" tests="1" name="tests.Register" time="1.360" errors="0" timestamp="2022-07-17T15:45:17 EET" skipped="0">
  <testcase classname="tests.Register" name="Register" time="1.360"/>
  <system-out/>
</testsuite> <!-- tests.Register -->
