<?xml version="1.0" encoding="UTF-8"?>
<!-- Generated by org.testng.reporters.JUnitReportReporter -->
<testsuite hostname="DESKTOP-MUR56TF" failures="0" tests="1" name="tests.login" time="0.321" errors="0" timestamp="2022-07-17T15:45:17 EET" skipped="0">
  <testcase classname="tests.login" name="FindElement" time="0.321"/>
  <system-out/>
</testsuite> <!-- tests.login -->
