<?xml version="1.0" encoding="UTF-8"?>
<!-- Generated by org.testng.reporters.JUnitReportReporter -->
<testsuite hostname="DESKTOP-MUR56TF" failures="0" tests="1" name="Mistro.Mistro.test.Register" time="0.285" errors="0" timestamp="2022-07-17T14:44:42 EET" skipped="0">
  <testcase classname="Mistro.Mistro.test.Register" name="FindElement" time="0.285"/>
  <system-out/>
</testsuite> <!-- Mistro.Mistro.test.Register -->
