<?xml version="1.0" encoding="UTF-8"?>
<!-- Generated by org.testng.reporters.JUnitReportReporter -->
<testsuite hostname="DESKTOP-MUR56TF" failures="0" tests="1" name="Mistro.Mistro.test.login" time="1.004" errors="0" timestamp="2022-07-17T14:44:41 EET" skipped="0">
  <testcase classname="Mistro.Mistro.test.login" name="Register" time="1.004"/>
  <system-out/>
</testsuite> <!-- Mistro.Mistro.test.login -->
